<?xml version="1.0" encoding="UTF-8"?>
<!-- Generated by org.testng.reporters.JUnitReportReporter -->
<testsuite hostname="WSAMZN-AO2UGDUI" failures="0" tests="10" name="TestClasses.MasterIPUserIPTestClass" time="53.303" errors="0" timestamp="2023-04-25T14:49:21 IST" skipped="0">
  <testcase classname="TestClasses.MasterIPUserIPTestClass" name="verifyAddNewMasterIP" time="6.403"/>
  <system-out/>
  <testcase classname="TestClasses.MasterIPUserIPTestClass" name="verifySameMasterIP" time="3.672"/>
  <system-out/>
  <testcase classname="TestClasses.MasterIPUserIPTestClass" name="verifyDeleteMasterIP" time="5.582"/>
  <system-out/>
  <testcase classname="TestClasses.MasterIPUserIPTestClass" name="verifyAddNoMasterIP" time="4.017"/>
  <system-out/>
  <testcase classname="TestClasses.MasterIPUserIPTestClass" name="verifyAddNewUserIP" time="3.701"/>
  <system-out/>
  <testcase classname="TestClasses.MasterIPUserIPTestClass" name="verifyAddSameUserIP" time="3.953"/>
  <system-out/>
  <testcase classname="TestClasses.MasterIPUserIPTestClass" name="verifyAddNoUserIP" time="5.128"/>
  <system-out/>
  <testcase classname="TestClasses.MasterIPUserIPTestClass" name="verifyMassUpdateUserIP" time="7.714"/>
  <system-out/>
  <testcase classname="TestClasses.MasterIPUserIPTestClass" name="verifySearchUserIP" time="6.466"/>
  <system-out/>
  <testcase classname="TestClasses.MasterIPUserIPTestClass" name="verifyMassDeleteUserIP" time="6.667"/>
  <system-out/>
</testsuite> <!-- TestClasses.MasterIPUserIPTestClass -->
