<?xml version="1.0" encoding="UTF-8"?>
<!-- Generated by org.testng.reporters.JUnitReportReporter -->
<testsuite hostname="WSAMZN-AO2UGDUI" failures="0" tests="6" name="TestClasses.PlayerPasswordAccLimitTestClass" time="17.072" errors="0" timestamp="2023-05-11T15:08:10 IST" skipped="5">
  <testcase classname="TestClasses.PlayerPasswordAccLimitTestClass" name="verifyAddEmailVerificationMessageFunctionality" time="17.072"/>
  <system-out/>
  <testcase classname="TestClasses.PlayerPasswordAccLimitTestClass" name="verifyNoPlayerPassAccLimitFunctionality">
    <skipped/>
  </testcase> <!-- verifyNoPlayerPassAccLimitFunctionality -->
  <system-out/>
  <testcase classname="TestClasses.PlayerPasswordAccLimitTestClass" name="verifyAddEmailMessageFunctionality">
    <skipped/>
  </testcase> <!-- verifyAddEmailMessageFunctionality -->
  <system-out/>
  <testcase classname="TestClasses.PlayerPasswordAccLimitTestClass" name="verifyNoEmailMessageAddedFunctionality">
    <skipped/>
  </testcase> <!-- verifyNoEmailMessageAddedFunctionality -->
  <system-out/>
  <testcase classname="TestClasses.PlayerPasswordAccLimitTestClass" name="verifyNoEmailVerificationMessageAddedFunctionality">
    <skipped/>
  </testcase> <!-- verifyNoEmailVerificationMessageAddedFunctionality -->
  <system-out/>
  <testcase classname="TestClasses.PlayerPasswordAccLimitTestClass" name="verifyPlayerPassAccLimitFunctionality">
    <skipped/>
  </testcase> <!-- verifyPlayerPassAccLimitFunctionality -->
  <system-out/>
</testsuite> <!-- TestClasses.PlayerPasswordAccLimitTestClass -->
